Determining if the pthread_create exist failed with the following output:
Change Dir: /home/florian/WT1/build/CMakeFiles/CMakeTmp

Run Build Command:"/usr/bin/ninja" "cmTC_ba4cf"
[1/2] Building C object CMakeFiles/cmTC_ba4cf.dir/CheckSymbolExists.c.o
[2/2] Linking C executable cmTC_ba4cf
FAILED: cmTC_ba4cf 
: && /usr/bin/cc   -rdynamic CMakeFiles/cmTC_ba4cf.dir/CheckSymbolExists.c.o  -o cmTC_ba4cf   && :
CMakeFiles/cmTC_ba4cf.dir/CheckSymbolExists.c.o: In function `main':
CheckSymbolExists.c:(.text+0x1b): undefined reference to `pthread_create'
collect2: error: ld returned 1 exit status
ninja: build stopped: subcommand failed.

File /home/florian/WT1/build/CMakeFiles/CMakeTmp/CheckSymbolExists.c:
/* */
#include <pthread.h>

int main(int argc, char** argv)
{
  (void)argv;
#ifndef pthread_create
  return ((int*)(&pthread_create))[argc];
#else
  (void)argc;
  return 0;
#endif
}

Determining if the function pthread_create exists in the pthreads failed with the following output:
Change Dir: /home/florian/WT1/build/CMakeFiles/CMakeTmp

Run Build Command:"/usr/bin/ninja" "cmTC_d3f3f"
[1/2] Building C object CMakeFiles/cmTC_d3f3f.dir/CheckFunctionExists.c.o
[2/2] Linking C executable cmTC_d3f3f
FAILED: cmTC_d3f3f 
: && /usr/bin/cc -DCHECK_FUNCTION_EXISTS=pthread_create  -rdynamic CMakeFiles/cmTC_d3f3f.dir/CheckFunctionExists.c.o  -o cmTC_d3f3f  -lpthreads && :
/usr/bin/ld: cannot find -lpthreads
collect2: error: ld returned 1 exit status
ninja: build stopped: subcommand failed.


